<?xml version="1.0" encoding="UTF-8"?>
<!-- Generated by org.testng.reporters.JUnitXMLReporter -->
<testsuite ignored="0" hostname="HP-PC" failures="2" tests="6" name="TestforAllure" time="0.258" errors="0" timestamp="2023-05-27T12:25:45 IST">
  <testcase classname="alluretests2023.NewTest2" name="test20" time="0.072"/>
  <testcase classname="alluretests2023.NewTest2" name="test10" time="0.003">
    <failure type="java.lang.AssertionError" message="expected [false] but found [true]">
      <![CDATA[java.lang.AssertionError: expected [false] but found [true]
at alluretests2023.NewTest2.test10(NewTest2.java:12)
at java.base/java.util.ArrayList.forEach(ArrayList.java:1511)
... Removed 33 stack frames]]>
    </failure>
  </testcase> <!-- test10 -->
  <testcase classname="alluretests2023.NewTest2" name="test30" time="0.011"/>
  <testcase classname="alluretests2023.NewTest" name="test20" time="0.003"/>
  <testcase classname="alluretests2023.NewTest" name="test10" time="0.005">
    <failure type="java.lang.AssertionError" message="expected [false] but found [true]">
      <![CDATA[java.lang.AssertionError: expected [false] but found [true]
at alluretests2023.NewTest.test10(NewTest.java:12)
at java.base/java.util.ArrayList.forEach(ArrayList.java:1511)
... Removed 33 stack frames]]>
    </failure>
  </testcase> <!-- test10 -->
  <testcase classname="alluretests2023.NewTest" name="test30" time="0.005"/>
</testsuite> <!-- TestforAllure -->
