<?xml version="1.0" encoding="UTF-8"?>
<!-- Generated by org.testng.reporters.JUnitXMLReporter -->
<testsuite ignored="1" hostname="HP-PC" failures="2" tests="8" name="DemOAllure" time="0.889" errors="0" timestamp="2023-10-26T18:01:52 IST">
  <testcase classname="alluretests2023.NewTest2" name="test20" time="0.086"/>
  <testcase classname="alluretests2023.NewTest2" name="test10" time="0.005">
    <failure type="java.lang.AssertionError" message="expected [false] but found [true]">
      <![CDATA[java.lang.AssertionError: expected [false] but found [true]
at alluretests2023.NewTest2.test10(NewTest2.java:12)
at java.base/java.util.ArrayList.forEach(ArrayList.java:1511)
... Removed 33 stack frames]]>
    </failure>
  </testcase> <!-- test10 -->
  <testcase classname="alluretests2023.NewTest2" name="test30" time="0.013"/>
  <testcase classname="alluretests2023.NewTest" name="test20" time="0.014"/>
  <testcase classname="alluretests2023.NewTest" name="test10" time="0.012">
    <failure type="java.lang.AssertionError" message="expected [false] but found [true]">
      <![CDATA[java.lang.AssertionError: expected [false] but found [true]
at alluretests2023.NewTest.test10(NewTest.java:12)
at java.base/java.util.ArrayList.forEach(ArrayList.java:1511)
... Removed 33 stack frames]]>
    </failure>
  </testcase> <!-- test10 -->
  <testcase classname="alluretests2023.NewTest" name="test30" time="0.03"/>
  <testcase classname="alluretests2023.TestSkip" name="Test1" time="0.004"/>
  <testcase classname="alluretests2023.TestSkip" name="Test3" time="0.004">
    <skipped/>
  </testcase> <!-- Test3 -->
  <testcase classname="alluretests2023.TestSkip" name="Test2" time="0.0">
    <ignored/>
  </testcase> <!-- Test2 -->
</testsuite> <!-- DemOAllure -->
